SF:lib/features/game/providers/game_provider.dart
DA:15,4
DA:24,0
DA:25,9
DA:26,9
DA:27,12
DA:28,9
DA:29,9
DA:30,0
DA:31,0
DA:34,4
DA:35,4
DA:36,2
DA:38,6
DA:39,2
DA:43,0
DA:44,0
DA:45,0
DA:49,2
DA:50,6
DA:51,6
DA:53,10
DA:57,2
DA:58,4
DA:59,4
DA:60,6
DA:61,6
DA:66,0
DA:67,0
DA:69,0
DA:72,0
DA:73,0
DA:74,0
DA:75,0
DA:77,0
DA:79,0
DA:83,0
DA:84,0
DA:86,0
DA:88,0
DA:90,0
DA:93,0
DA:96,0
DA:97,0
DA:99,0
DA:101,0
DA:103,0
DA:108,0
DA:109,0
DA:110,0
DA:113,0
DA:114,0
DA:119,0
DA:120,0
DA:122,0
DA:124,0
DA:126,0
DA:129,0
DA:132,0
DA:133,0
DA:135,0
DA:137,0
DA:139,0
DA:144,0
DA:145,0
DA:146,0
DA:149,0
DA:150,0
DA:155,0
DA:156,0
DA:157,0
DA:158,0
DA:162,0
DA:163,0
DA:164,0
DA:168,0
DA:169,0
DA:170,0
DA:175,2
DA:176,6
DA:177,6
DA:180,2
DA:184,1
DA:185,1
DA:189,2
DA:190,4
DA:192,4
DA:193,2
DA:194,2
DA:195,2
DA:201,2
DA:202,4
DA:204,4
LF:92
LH:35
end_of_record
SF:lib/features/game/models/game_state.dart
DA:14,4
DA:24,2
DA:33,2
DA:34,2
DA:35,2
DA:36,2
DA:37,2
DA:38,2
DA:39,2
DA:40,2
DA:44,0
DA:47,0
DA:48,0
DA:49,0
DA:50,0
DA:51,0
DA:52,0
DA:53,0
DA:54,0
DA:57,0
DA:59,0
DA:60,0
DA:61,0
DA:62,0
DA:63,0
DA:64,0
DA:65,0
DA:66,0
LF:28
LH:10
end_of_record
SF:lib/shared/models/game_board.dart
DA:13,5
DA:19,1
DA:20,1
DA:21,1
DA:22,1
DA:26,1
DA:27,10
DA:29,1
DA:30,5
DA:32,0
DA:33,0
DA:58,15
DA:60,5
DA:70,1
DA:78,1
DA:88,5
DA:92,10
DA:93,10
DA:96,15
DA:97,5
DA:99,15
DA:101,10
DA:102,10
DA:103,25
DA:104,20
DA:106,5
DA:116,1
DA:121,1
DA:122,1
DA:123,1
DA:124,1
DA:125,1
DA:126,1
DA:127,1
DA:131,7
DA:133,1
DA:134,1
DA:135,1
DA:136,1
DA:137,1
DA:139,3
DA:140,3
DA:143,2
DA:144,2
DA:150,1
DA:151,1
DA:152,6
DA:153,3
DA:154,2
DA:155,3
DA:158,3
DA:159,6
DA:160,1
DA:161,1
DA:162,1
DA:164,2
DA:165,1
DA:167,1
DA:169,3
DA:170,2
DA:173,2
DA:174,3
DA:175,7
DA:177,1
DA:183,1
DA:184,1
DA:185,2
DA:187,3
DA:188,3
DA:192,1
DA:193,1
DA:196,1
DA:197,3
DA:198,3
DA:201,1
DA:202,1
DA:209,2
DA:210,0
DA:211,0
DA:212,0
DA:213,0
DA:214,0
DA:215,0
DA:216,0
DA:217,0
DA:218,0
DA:219,0
DA:221,0
DA:222,0
DA:223,0
DA:225,0
DA:226,0
DA:227,0
DA:229,0
DA:235,1
DA:236,6
DA:237,3
DA:238,2
DA:239,3
DA:242,3
DA:244,2
DA:245,6
DA:246,3
DA:247,2
DA:248,3
DA:252,1
DA:253,0
DA:254,0
DA:255,0
DA:256,0
DA:259,3
DA:260,6
DA:261,1
DA:262,1
DA:263,1
DA:264,2
DA:265,1
DA:266,1
DA:267,3
DA:268,2
DA:270,0
DA:271,0
DA:272,0
DA:274,1
DA:280,7
DA:283,1
DA:285,2
DA:286,2
DA:287,2
DA:295,1
DA:300,3
DA:301,3
DA:302,3
DA:303,1
DA:310,1
DA:323,1
DA:324,1
DA:325,2
DA:326,2
DA:327,2
DA:328,1
DA:329,3
DA:330,3
DA:338,2
DA:340,3
DA:341,3
DA:342,3
DA:343,3
DA:351,4
DA:353,5
DA:355,3
DA:356,3
DA:359,1
DA:360,3
DA:361,3
DA:362,3
DA:363,3
DA:365,1
DA:366,2
DA:367,1
DA:368,2
DA:369,1
DA:370,1
DA:371,2
DA:372,2
DA:374,1
DA:375,3
DA:377,3
DA:379,1
DA:388,1
DA:389,2
LF:171
LH:145
end_of_record
SF:lib/core/services/analytics_service.dart
DA:6,2
DA:7,6
DA:10,4
DA:12,1
DA:15,2
DA:16,0
DA:22,1
DA:23,1
DA:25,0
DA:26,0
DA:29,1
DA:30,1
DA:32,0
DA:35,1
DA:36,1
DA:38,0
DA:41,1
DA:42,1
DA:44,0
DA:47,1
DA:48,1
DA:50,0
DA:53,1
DA:54,1
DA:56,0
DA:63,1
DA:64,1
DA:66,0
DA:72,1
DA:73,1
DA:75,0
DA:81,1
DA:82,1
DA:84,0
DA:89,1
DA:90,1
DA:92,0
DA:95,1
DA:96,1
DA:98,0
DA:101,1
DA:102,1
DA:104,0
DA:108,1
DA:109,1
DA:111,0
DA:112,0
DA:113,0
DA:114,0
DA:117,1
DA:118,1
DA:120,0
DA:121,0
DA:122,0
DA:123,0
LF:55
LH:33
end_of_record
SF:lib/core/services/ad_service.dart
DA:10,2
DA:13,2
DA:14,2
DA:19,2
DA:21,0
DA:23,2
DA:27,1
DA:28,1
DA:36,0
DA:39,3
DA:41,1
DA:42,1
DA:44,2
DA:46,0
DA:49,0
DA:51,1
DA:52,1
DA:54,0
DA:55,0
DA:56,0
DA:57,0
DA:58,0
DA:59,0
DA:61,0
DA:62,0
DA:63,0
DA:64,0
DA:65,0
DA:67,0
DA:68,0
DA:69,0
DA:70,0
DA:77,1
DA:79,2
DA:80,0
DA:84,1
DA:86,1
DA:87,1
DA:90,0
DA:91,0
DA:92,0
DA:94,0
DA:95,0
DA:96,0
DA:97,0
DA:98,0
DA:99,0
DA:101,0
DA:102,0
DA:103,0
DA:104,0
DA:105,0
DA:106,0
DA:107,0
DA:110,0
LF:55
LH:18
end_of_record
SF:lib/core/services/cache_service.dart
DA:10,2
DA:13,2
DA:14,8
DA:18,2
DA:19,2
DA:20,2
DA:21,4
DA:26,2
DA:27,2
DA:28,2
DA:29,4
DA:36,4
DA:37,12
DA:39,8
DA:47,2
DA:49,4
DA:51,0
DA:56,2
DA:57,2
DA:60,4
DA:61,4
DA:62,4
DA:64,0
DA:69,4
DA:72,4
DA:75,4
DA:78,4
DA:79,2
DA:81,4
DA:83,0
DA:89,2
DA:90,2
DA:93,4
DA:95,0
DA:100,1
DA:101,1
DA:104,2
DA:105,2
DA:106,2
DA:108,0
DA:113,1
DA:116,1
DA:119,2
DA:122,2
DA:123,1
DA:125,2
DA:127,0
DA:133,2
DA:134,2
DA:137,4
DA:138,4
DA:140,0
DA:145,1
DA:146,1
DA:149,2
DA:150,2
DA:152,1
DA:155,1
DA:158,0
DA:159,0
LF:60
LH:51
end_of_record
SF:lib/core/services/error_handler.dart
DA:8,5
DA:9,15
DA:11,10
DA:14,1
DA:15,3
DA:16,3
DA:21,2
DA:22,2
DA:23,1
DA:24,1
DA:26,1
DA:28,1
DA:30,1
DA:32,1
DA:34,1
DA:36,1
DA:38,1
DA:40,1
DA:43,3
DA:50,1
DA:51,1
DA:52,1
DA:53,1
DA:55,1
DA:57,1
DA:59,1
DA:61,1
DA:63,1
DA:65,1
DA:67,1
DA:69,1
DA:71,1
DA:73,1
DA:75,1
DA:77,1
DA:80,3
DA:87,1
DA:89,1
DA:90,1
DA:92,1
DA:94,1
DA:96,1
DA:99,2
DA:104,1
DA:105,1
DA:107,1
DA:108,1
DA:110,1
DA:112,1
DA:114,1
DA:116,1
DA:118,1
DA:120,1
DA:123,2
DA:130,1
DA:135,2
DA:141,2
DA:143,4
DA:144,2
DA:145,2
DA:148,2
DA:158,1
DA:166,1
DA:168,1
DA:171,2
DA:172,1
DA:173,1
DA:174,1
DA:175,1
DA:176,0
DA:177,1
DA:180,1
DA:181,1
DA:182,2
DA:183,1
DA:185,1
DA:193,4
DA:194,12
DA:196,3
LF:79
LH:78
end_of_record
SF:lib/core/config/admob_config.dart
DA:18,0
DA:19,0
DA:21,0
DA:28,1
DA:30,1
DA:33,1
DA:35,0
DA:40,0
DA:41,0
LF:9
LH:3
end_of_record
SF:lib/core/di/service_locator.dart
DA:8,12
DA:11,1
DA:13,4
DA:14,4
DA:15,2
DA:16,4
LF:6
LH:6
end_of_record
SF:lib/core/services/consent_service.dart
DA:9,2
DA:12,1
DA:13,1
DA:18,1
DA:20,1
DA:22,1
DA:26,2
DA:27,2
DA:34,2
DA:35,2
DA:38,1
DA:39,1
DA:41,1
DA:42,1
DA:47,0
DA:48,0
DA:57,0
DA:58,0
DA:62,0
DA:65,0
DA:69,0
DA:72,0
DA:75,0
DA:76,0
DA:78,0
DA:79,0
DA:80,0
DA:81,0
DA:83,0
DA:85,0
DA:86,0
DA:87,0
DA:92,0
DA:97,0
DA:100,0
DA:101,0
DA:102,0
DA:106,0
DA:108,0
DA:110,0
DA:112,0
DA:117,0
DA:122,0
DA:125,0
DA:129,0
DA:132,0
DA:136,0
DA:141,0
DA:144,0
DA:145,0
DA:147,0
DA:151,0
DA:154,0
DA:158,0
DA:161,0
DA:167,0
DA:172,0
DA:173,0
DA:174,0
DA:177,0
DA:184,1
DA:185,1
DA:188,0
DA:189,0
DA:190,0
DA:191,0
DA:192,0
DA:199,1
DA:200,1
DA:203,0
DA:205,0
DA:207,0
DA:209,0
DA:211,0
DA:213,0
LF:75
LH:18
end_of_record
SF:lib/core/services/purchase_service.dart
DA:9,0
DA:10,0
DA:12,0
DA:15,0
DA:16,0
DA:18,0
DA:20,0
DA:23,0
DA:26,0
DA:29,0
DA:32,0
DA:35,0
DA:41,3
DA:42,3
DA:47,1
DA:48,1
DA:53,2
DA:56,1
DA:58,1
DA:62,2
DA:63,2
DA:75,1
DA:82,3
DA:85,2
DA:88,4
DA:91,2
DA:94,2
DA:97,1
DA:98,1
DA:100,1
DA:101,1
DA:105,3
DA:107,1
DA:108,2
DA:113,1
DA:116,4
DA:117,1
DA:118,3
DA:119,0
DA:123,1
DA:125,2
DA:129,1
DA:130,2
DA:131,2
DA:133,1
DA:134,3
DA:135,3
DA:139,2
DA:143,1
DA:144,2
DA:145,1
DA:146,1
DA:147,2
DA:149,1
DA:150,1
DA:151,1
DA:153,1
DA:154,3
DA:155,2
DA:157,1
DA:158,2
DA:163,1
DA:164,2
DA:170,1
DA:171,1
DA:174,1
DA:175,1
DA:176,1
DA:178,0
DA:179,0
DA:180,0
DA:181,0
DA:182,0
DA:186,2
DA:190,1
DA:191,1
DA:195,1
DA:196,1
DA:200,1
DA:201,3
DA:202,3
DA:203,1
DA:207,1
DA:208,2
DA:209,2
DA:213,1
DA:214,2
DA:218,1
DA:219,2
DA:223,1
DA:224,1
DA:225,2
DA:226,2
DA:230,1
DA:231,1
DA:232,1
DA:236,1
DA:237,2
DA:238,0
DA:239,2
DA:248,1
DA:252,1
DA:254,1
DA:255,1
DA:256,1
DA:257,1
DA:264,1
DA:265,2
DA:266,2
LF:109
LH:90
end_of_record
SF:lib/shared/models/cell_position.dart
DA:5,0
LF:1
LH:0
end_of_record
SF:lib/features/leaderboard/leaderboard_screen.dart
DA:6,1
DA:8,1
DA:10,1
DA:11,1
DA:14,1
DA:15,1
DA:16,1
DA:17,3
DA:21,0
DA:22,0
DA:23,0
DA:24,0
DA:26,0
DA:33,0
DA:34,0
DA:35,0
DA:36,0
DA:45,0
DA:46,0
DA:50,0
DA:52,0
DA:53,0
DA:54,0
DA:55,0
DA:56,0
DA:57,0
DA:58,0
DA:59,0
LF:28
LH:8
end_of_record
SF:lib/l10n/app_localizations.dart
DA:5,6
DA:9,6
DA:10,0
DA:11,0
DA:12,0
DA:13,0
DA:14,0
DA:15,0
DA:16,6
DA:17,6
DA:18,6
DA:19,0
DA:20,0
DA:21,0
DA:23,0
DA:26,0
DA:27,0
DA:28,0
DA:30,0
DA:33,0
DA:34,0
DA:35,0
DA:36,0
DA:37,2
DA:38,2
DA:39,2
DA:40,6
DA:41,0
DA:42,0
DA:44,0
DA:48,0
DA:49,0
DA:50,0
DA:51,0
DA:52,0
DA:53,0
DA:54,0
DA:57,6
DA:58,0
DA:59,0
DA:60,0
DA:61,0
DA:63,0
DA:64,0
DA:65,0
DA:67,0
DA:68,0
DA:71,0
DA:72,0
DA:73,0
DA:74,0
DA:75,0
DA:76,0
DA:77,0
DA:78,0
DA:81,0
DA:82,0
DA:85,0
DA:86,0
DA:87,0
DA:88,0
DA:93,0
DA:94,0
DA:95,0
DA:96,0
DA:97,0
DA:98,0
DA:99,0
DA:100,0
DA:101,0
DA:105,2
DA:107,5
DA:108,15
DA:110,5
DA:112,10
DA:113,5
DA:116,0
LF:77
LH:16
end_of_record
SF:lib/core/services/leaderboard_service.dart
DA:8,0
DA:9,0
DA:12,0
DA:14,0
DA:17,0
DA:19,0
DA:20,0
DA:25,2
DA:27,2
DA:29,0
DA:30,0
DA:31,0
DA:32,0
DA:35,0
DA:40,4
DA:42,2
DA:47,3
DA:48,9
DA:52,1
DA:54,1
DA:55,1
DA:60,3
DA:66,1
DA:67,2
LF:24
LH:12
end_of_record
SF:lib/features/game/game_screen.dart
DA:19,0
DA:21,3
DA:23,3
DA:24,3
DA:25,6
DA:26,6
DA:28,3
DA:29,3
DA:35,3
DA:42,8
DA:52,2
DA:54,3
DA:55,3
DA:61,3
DA:63,3
DA:64,9
DA:67,3
DA:69,3
DA:70,6
DA:72,3
DA:73,3
DA:74,9
DA:75,3
DA:76,3
DA:77,2
DA:78,0
DA:79,0
DA:80,0
DA:84,3
DA:86,3
DA:87,3
DA:89,3
DA:91,3
DA:93,3
DA:99,3
DA:100,3
DA:101,3
DA:102,3
DA:106,3
DA:107,3
DA:108,6
DA:109,3
DA:113,3
DA:114,3
DA:115,3
DA:116,3
DA:117,3
DA:118,3
DA:119,0
DA:123,3
DA:124,3
DA:125,4
DA:126,9
DA:130,1
DA:131,2
DA:132,1
DA:135,0
DA:136,0
DA:137,0
DA:138,0
DA:142,0
DA:143,0
DA:144,0
DA:147,0
DA:148,0
DA:151,0
DA:153,0
DA:154,0
DA:155,0
DA:157,0
DA:158,0
DA:160,0
DA:163,0
DA:164,0
DA:165,0
LF:75
LH:51
end_of_record
SF:lib/features/game/widgets/game_dialogs.dart
DA:6,0
DA:7,0
DA:10,0
DA:11,0
DA:12,0
DA:13,0
DA:15,0
DA:16,0
DA:19,0
DA:20,0
DA:21,0
DA:30,1
DA:31,1
DA:33,1
DA:34,1
DA:35,3
DA:36,1
DA:39,1
DA:40,1
DA:41,1
DA:42,2
DA:45,3
DA:46,1
DA:47,3
DA:50,0
DA:51,0
DA:52,0
DA:53,0
DA:54,0
DA:55,0
DA:56,0
DA:57,0
DA:58,0
DA:65,1
DA:66,1
DA:67,0
DA:68,3
DA:76,0
DA:77,0
DA:79,0
DA:80,0
DA:81,0
DA:82,0
DA:85,0
DA:86,0
DA:88,0
DA:89,0
DA:91,0
DA:93,0
DA:94,0
DA:98,0
DA:99,0
DA:100,0
DA:101,0
DA:109,0
DA:110,0
DA:112,0
DA:113,0
DA:115,0
DA:117,0
DA:118,0
DA:119,0
DA:125,0
DA:128,0
DA:129,0
DA:130,0
DA:131,0
DA:133,0
DA:134,0
DA:138,0
DA:139,0
DA:146,0
DA:147,0
DA:148,0
DA:149,0
DA:150,0
DA:158,0
DA:159,0
DA:160,0
LF:79
LH:16
end_of_record
SF:lib/features/game/instructions_screen.dart
DA:5,2
DA:7,0
DA:9,0
DA:10,0
DA:11,0
DA:12,0
DA:14,0
DA:16,0
DA:18,0
DA:19,0
DA:21,0
DA:23,0
DA:25,0
DA:27,0
DA:29,0
DA:31,0
DA:35,0
DA:39,0
DA:41,0
DA:43,0
DA:45,0
DA:47,0
DA:49,0
DA:51,0
DA:62,0
DA:64,0
DA:66,0
DA:68,0
DA:69,0
DA:71,0
DA:78,0
DA:80,0
DA:81,0
DA:82,0
DA:84,0
DA:85,0
DA:86,0
DA:89,0
DA:92,0
DA:93,0
DA:94,0
DA:106,0
DA:115,2
DA:116,0
DA:118,0
DA:119,0
DA:122,0
DA:123,0
DA:124,0
DA:126,0
DA:127,0
DA:130,0
DA:133,0
DA:134,0
DA:136,0
DA:137,0
DA:139,0
DA:140,0
DA:154,0
DA:162,0
DA:164,0
DA:167,0
DA:168,0
DA:170,0
DA:172,0
DA:173,0
DA:174,0
DA:176,0
DA:186,2
DA:187,0
DA:190,0
DA:191,0
DA:192,0
DA:193,0
DA:194,0
DA:195,0
DA:196,0
DA:197,0
DA:198,0
DA:199,0
DA:200,0
DA:201,0
DA:202,0
DA:203,0
DA:204,0
DA:205,0
DA:206,0
DA:208,0
DA:217,0
DA:218,0
DA:219,0
DA:220,0
DA:227,0
DA:229,0
DA:230,0
DA:232,0
DA:233,0
DA:236,0
DA:239,0
DA:242,0
DA:253,0
DA:255,0
DA:257,0
DA:259,0
DA:260,0
DA:261,0
DA:262,0
DA:266,0
DA:270,0
DA:280,2
DA:282,0
DA:284,0
DA:287,0
DA:288,0
DA:289,0
DA:291,0
DA:293,0
DA:294,0
DA:295,0
DA:296,0
DA:299,0
DA:300,0
DA:303,0
DA:315,2
DA:316,0
DA:317,0
DA:318,0
LF:127
LH:5
end_of_record
SF:lib/features/game/widgets/game_level_info.dart
DA:4,3
DA:13,3
DA:15,3
DA:16,9
DA:17,3
DA:18,3
DA:19,3
DA:20,6
DA:23,3
DA:24,6
LF:10
LH:10
end_of_record
SF:lib/features/game/widgets/game_score_display.dart
DA:5,3
DA:14,3
DA:16,3
DA:17,9
DA:18,3
DA:19,21
LF:6
LH:6
end_of_record
SF:lib/features/game/widgets/game_grid.dart
DA:13,3
DA:22,3
DA:24,3
DA:25,15
DA:27,3
DA:28,0
DA:29,0
DA:30,0
DA:31,0
DA:32,0
DA:33,0
DA:37,3
DA:40,3
DA:41,6
DA:45,15
DA:46,3
DA:47,9
DA:48,9
DA:49,12
DA:50,3
DA:52,3
DA:53,3
DA:54,3
DA:57,3
DA:58,0
DA:59,6
DA:60,3
DA:72,0
DA:73,0
DA:75,0
DA:78,0
DA:82,3
DA:83,9
DA:84,3
DA:85,3
DA:86,9
DA:87,3
DA:88,3
DA:89,3
DA:90,3
DA:94,3
DA:99,3
DA:100,3
DA:101,3
DA:102,3
DA:104,3
LF:46
LH:35
end_of_record
SF:lib/features/game/widgets/game_app_bar_actions.dart
DA:5,3
DA:18,3
DA:20,3
DA:21,3
DA:22,3
DA:24,3
DA:25,6
DA:27,3
DA:29,3
DA:30,6
DA:32,3
DA:34,3
DA:37,3
DA:39,3
LF:14
LH:14
end_of_record
SF:lib/shared/widgets/grid_cell_widget.dart
DA:10,3
DA:18,3
DA:20,3
DA:21,6
DA:24,6
DA:26,6
DA:27,3
DA:31,3
DA:32,3
DA:33,9
DA:36,3
DA:37,6
DA:38,9
DA:41,3
DA:42,2
DA:45,3
DA:46,3
DA:47,3
DA:49,3
DA:50,3
DA:51,3
DA:52,9
DA:53,3
DA:58,15
DA:59,3
DA:60,3
DA:63,3
DA:65,3
DA:67,3
DA:69,3
DA:71,3
DA:72,3
DA:74,3
DA:76,9
DA:84,3
DA:86,9
LF:36
LH:36
end_of_record
SF:lib/features/auth/login_screen.dart
DA:8,1
DA:10,1
DA:11,1
DA:17,1
DA:19,1
DA:20,1
DA:23,1
DA:25,2
DA:27,3
DA:31,1
DA:34,2
DA:42,0
DA:43,0
DA:46,0
DA:47,0
DA:53,0
DA:57,0
DA:58,0
DA:59,0
DA:62,0
DA:63,0
DA:66,1
DA:67,4
DA:72,1
DA:74,2
DA:76,0
DA:77,0
DA:78,0
DA:83,0
DA:84,0
DA:86,0
DA:87,0
DA:92,1
DA:94,1
DA:95,1
DA:96,0
DA:97,0
DA:98,0
DA:101,3
DA:102,1
DA:103,2
DA:108,1
DA:110,1
DA:111,1
DA:113,1
DA:116,3
DA:118,3
DA:122,3
LF:48
LH:28
end_of_record
SF:lib/features/website/website_screen.dart
DA:4,0
DA:10,1
DA:12,1
DA:13,1
DA:31,1
DA:33,2
DA:34,2
DA:35,2
DA:36,2
DA:37,1
DA:40,0
DA:41,0
DA:44,0
DA:45,0
DA:48,0
DA:49,0
DA:50,0
DA:54,0
DA:55,0
DA:56,0
DA:60,0
DA:61,0
DA:63,0
DA:72,0
DA:73,0
DA:74,0
DA:77,0
DA:78,0
DA:82,0
DA:83,0
DA:84,0
DA:87,0
DA:88,0
DA:92,0
DA:93,0
DA:94,0
DA:98,0
DA:99,0
DA:100,0
DA:102,0
DA:103,0
DA:111,0
DA:116,0
DA:117,0
DA:118,0
DA:121,1
DA:123,1
DA:124,1
DA:125,1
DA:129,1
DA:130,2
DA:132,0
DA:133,0
DA:134,0
DA:135,0
DA:136,0
DA:138,0
DA:144,1
DA:146,4
DA:147,4
DA:148,1
DA:149,1
DA:150,0
DA:151,1
DA:153,5
DA:156,1
DA:157,0
DA:158,1
DA:160,5
DA:163,1
DA:164,0
DA:165,1
DA:167,5
DA:170,1
DA:171,0
DA:172,1
DA:174,5
DA:181,1
DA:182,1
DA:183,1
DA:184,0
DA:187,0
DA:189,1
DA:190,0
DA:193,0
DA:197,1
DA:198,1
DA:199,1
DA:201,1
DA:202,3
DA:203,3
DA:204,3
DA:205,3
DA:206,1
DA:213,1
DA:214,1
DA:215,6
DA:216,1
DA:217,1
DA:220,1
DA:221,4
DA:222,4
DA:226,1
DA:227,1
DA:229,1
DA:231,1
DA:232,1
DA:235,4
DA:238,1
DA:240,5
DA:241,4
DA:247,1
DA:250,5
DA:251,5
DA:256,1
DA:258,1
DA:259,1
DA:260,1
DA:263,1
DA:270,1
DA:271,1
DA:274,1
DA:289,1
DA:290,1
DA:292,4
DA:293,1
DA:294,1
DA:295,1
DA:297,5
DA:302,1
DA:303,1
DA:304,1
DA:305,1
DA:310,1
DA:315,1
DA:316,1
DA:321,1
DA:332,1
DA:340,1
DA:342,1
DA:344,1
DA:345,1
DA:346,1
DA:348,1
DA:350,5
DA:355,1
DA:357,4
DA:361,1
DA:363,1
DA:368,1
DA:376,1
DA:377,1
DA:379,4
DA:380,1
DA:381,1
DA:382,1
DA:384,5
DA:389,1
DA:391,4
DA:395,1
DA:400,1
DA:405,1
DA:411,1
DA:416,1
DA:422,1
DA:424,1
DA:425,4
DA:426,1
DA:428,1
DA:429,1
DA:430,1
DA:432,5
DA:437,1
DA:440,4
DA:451,1
DA:456,1
DA:458,1
DA:460,1
DA:462,1
DA:463,1
DA:465,4
DA:466,1
DA:468,1
DA:469,4
DA:475,1
DA:476,1
DA:478,1
DA:479,1
DA:481,5
DA:486,1
DA:488,4
DA:499,1
DA:500,1
DA:502,4
DA:503,1
DA:504,1
DA:505,1
DA:507,5
DA:512,1
DA:514,4
DA:518,1
DA:520,1
DA:521,1
DA:522,1
DA:523,1
DA:530,1
DA:531,1
DA:539,1
DA:540,1
DA:550,1
DA:551,1
DA:552,1
DA:565,1
DA:566,1
DA:568,4
DA:569,1
DA:570,1
DA:572,1
DA:574,1
DA:576,1
DA:578,1
DA:580,1
DA:581,1
DA:583,5
DA:584,4
DA:589,1
DA:592,1
DA:593,5
DA:598,1
DA:599,1
DA:600,1
DA:601,1
DA:603,4
DA:606,1
DA:607,1
DA:609,4
DA:619,1
DA:620,1
DA:622,1
DA:623,1
DA:625,5
DA:626,4
DA:631,2
DA:632,2
DA:633,2
DA:634,2
DA:640,1
DA:641,1
DA:643,1
DA:644,1
DA:646,5
DA:647,4
DA:652,1
DA:654,1
DA:655,5
DA:660,1
DA:662,1
DA:663,5
DA:668,1
DA:670,1
DA:671,5
DA:682,1
DA:683,5
DA:688,1
DA:690,1
DA:691,5
DA:702,1
DA:703,1
DA:705,1
DA:707,1
DA:713,1
DA:715,1
DA:716,5
LF:273
LH:223
end_of_record
SF:lib/features/website/legal_pages.dart
DA:8,0
DA:135,0
DA:137,0
DA:138,0
DA:139,0
DA:140,0
DA:141,0
DA:143,0
DA:144,0
DA:145,0
DA:146,0
DA:148,0
DA:150,0
DA:151,0
DA:152,0
DA:153,0
DA:158,0
DA:159,0
DA:160,0
DA:170,0
DA:172,0
DA:173,0
DA:174,0
DA:175,0
DA:177,0
DA:178,0
DA:179,0
DA:180,0
DA:182,0
DA:183,0
DA:189,0
DA:190,0
DA:192,0
DA:193,0
DA:194,0
DA:197,0
DA:202,0
DA:204,0
DA:205,0
DA:211,0
DA:212,0
DA:214,0
DA:215,0
DA:216,0
DA:219,0
DA:224,0
DA:226,0
DA:227,0
DA:235,0
DA:237,0
DA:238,0
LF:51
LH:0
end_of_record
SF:lib/core/services/game_utils.dart
DA:2,1
DA:3,2
LF:2
LH:2
end_of_record
