SF:lib/shared/models/game_board.dart
DA:9,6
DA:14,1
DA:15,1
DA:16,1
DA:17,1
DA:31,6
DA:33,2
DA:43,1
DA:51,1
DA:61,2
DA:65,4
DA:66,4
DA:69,6
DA:70,2
DA:72,6
DA:74,4
DA:75,4
DA:76,6
DA:77,8
DA:79,2
DA:89,1
DA:94,1
DA:95,1
DA:96,1
DA:97,1
DA:98,1
DA:99,1
DA:100,1
DA:104,7
DA:106,1
DA:107,1
DA:108,1
DA:109,1
DA:110,1
DA:112,3
DA:113,3
DA:116,2
DA:117,2
DA:123,1
DA:124,1
DA:125,5
DA:126,3
DA:127,2
DA:128,3
DA:131,0
DA:132,0
DA:133,0
DA:134,0
DA:135,0
DA:137,0
DA:138,0
DA:140,0
DA:142,0
DA:143,0
DA:146,0
DA:147,0
DA:148,0
DA:150,0
DA:156,1
DA:157,1
DA:158,2
DA:160,3
DA:161,3
DA:165,1
DA:166,1
DA:169,1
DA:170,3
DA:171,3
DA:174,1
DA:175,1
DA:182,2
DA:183,0
DA:184,0
DA:185,0
DA:186,0
DA:187,0
DA:188,0
DA:189,0
DA:190,0
DA:191,0
DA:192,0
DA:194,0
DA:195,0
DA:196,0
DA:198,0
DA:199,0
DA:200,0
DA:202,0
DA:208,1
DA:209,0
DA:210,0
DA:211,0
DA:212,0
DA:215,3
DA:217,2
DA:218,0
DA:219,0
DA:220,0
DA:221,0
DA:225,1
DA:226,0
DA:227,0
DA:228,0
DA:229,0
DA:232,3
DA:233,5
DA:234,1
DA:235,1
DA:236,1
DA:237,5
DA:238,1
DA:239,1
DA:240,3
DA:241,2
DA:243,0
DA:244,0
DA:245,0
DA:247,1
DA:253,7
DA:256,1
DA:258,2
DA:259,2
DA:260,2
DA:268,1
DA:273,3
DA:274,3
DA:275,3
DA:276,1
DA:283,1
DA:296,1
DA:297,1
DA:298,2
DA:299,2
DA:300,2
DA:301,1
DA:302,3
DA:303,3
DA:311,2
DA:313,0
DA:314,0
DA:315,0
DA:316,0
DA:324,4
DA:326,5
DA:328,3
DA:329,3
DA:332,1
DA:333,3
DA:334,3
DA:335,3
DA:336,3
DA:338,1
DA:339,2
DA:340,1
DA:341,2
DA:342,1
DA:343,1
DA:344,2
DA:345,2
DA:347,1
DA:348,3
DA:350,3
DA:352,1
DA:361,1
DA:362,2
LF:165
LH:115
end_of_record
SF:lib/core/services/cache_service.dart
DA:10,2
DA:13,2
DA:14,8
DA:18,2
DA:19,2
DA:20,2
DA:21,4
DA:26,2
DA:27,2
DA:28,2
DA:29,4
DA:36,2
DA:37,6
DA:39,4
DA:47,2
DA:49,4
DA:51,0
DA:56,2
DA:57,2
DA:60,4
DA:61,4
DA:62,4
DA:64,0
DA:69,2
DA:72,2
DA:75,4
DA:78,4
DA:79,2
DA:81,4
DA:83,0
DA:89,2
DA:90,2
DA:93,4
DA:95,0
DA:100,1
DA:101,1
DA:104,2
DA:105,2
DA:106,2
DA:108,0
DA:113,1
DA:116,1
DA:119,2
DA:122,2
DA:123,1
DA:125,2
DA:127,0
DA:133,2
DA:134,2
DA:137,4
DA:138,4
DA:140,0
DA:145,1
DA:146,1
DA:149,2
DA:150,2
DA:152,1
DA:155,1
DA:158,0
DA:159,0
LF:60
LH:51
end_of_record
SF:lib/core/services/error_handler.dart
DA:8,1
DA:9,3
DA:11,2
DA:14,0
DA:15,0
DA:16,0
DA:21,1
DA:22,1
DA:23,1
DA:24,1
DA:26,1
DA:28,1
DA:30,1
DA:32,1
DA:34,1
DA:36,1
DA:38,1
DA:40,1
DA:43,3
DA:50,1
DA:51,1
DA:52,1
DA:53,1
DA:55,1
DA:57,1
DA:59,1
DA:61,1
DA:63,1
DA:65,1
DA:67,1
DA:69,1
DA:71,1
DA:73,1
DA:75,1
DA:77,1
DA:80,3
DA:87,0
DA:89,0
DA:90,0
DA:92,0
DA:94,0
DA:96,0
DA:99,0
DA:104,0
DA:105,0
DA:107,0
DA:108,0
DA:110,0
DA:112,0
DA:114,0
DA:116,0
DA:118,0
DA:120,0
DA:123,0
DA:130,1
DA:135,1
DA:141,1
DA:143,2
DA:144,1
DA:145,1
DA:148,1
DA:158,1
DA:166,1
DA:168,1
DA:171,2
DA:172,1
DA:173,1
DA:174,1
DA:175,1
DA:176,0
DA:177,1
DA:180,1
DA:181,1
DA:182,2
DA:183,1
DA:185,1
DA:193,0
DA:194,0
DA:196,0
LF:79
LH:54
end_of_record
SF:lib/core/services/leaderboard_service.dart
DA:7,0
DA:8,0
DA:11,0
DA:13,0
DA:15,0
DA:16,0
DA:19,0
DA:21,0
DA:22,0
DA:24,0
DA:25,0
DA:31,0
DA:32,0
DA:33,0
DA:34,0
DA:35,0
DA:36,0
DA:37,0
DA:39,0
DA:42,0
DA:45,0
DA:46,0
DA:48,0
DA:53,1
DA:56,3
DA:60,0
DA:65,0
DA:66,0
DA:71,0
DA:77,1
DA:78,2
LF:31
LH:4
end_of_record
SF:lib/l10n/app_localizations.dart
DA:5,2
DA:9,2
DA:10,0
DA:11,0
DA:12,0
DA:13,0
DA:14,0
DA:15,0
DA:16,2
DA:17,2
DA:18,2
DA:19,0
DA:20,0
DA:21,0
DA:23,0
DA:26,0
DA:27,0
DA:28,0
DA:30,0
DA:33,0
DA:34,0
DA:35,0
DA:36,0
DA:37,0
DA:38,0
DA:39,0
DA:40,2
DA:41,0
DA:42,0
DA:44,0
DA:48,0
DA:49,0
DA:50,0
DA:51,0
DA:52,0
DA:53,0
DA:54,0
DA:57,2
DA:58,0
DA:59,0
DA:60,0
DA:61,0
DA:63,0
DA:64,0
DA:65,0
DA:67,0
DA:68,0
DA:71,0
DA:72,0
DA:73,0
DA:74,0
DA:75,0
DA:76,0
DA:77,0
DA:78,0
DA:81,0
DA:82,0
DA:85,0
DA:86,0
DA:87,0
DA:88,0
DA:93,0
DA:94,0
DA:95,0
DA:96,0
DA:97,0
DA:98,0
DA:99,0
DA:100,0
DA:101,0
DA:105,1
DA:107,1
DA:108,3
DA:110,1
DA:112,2
DA:113,1
DA:116,0
LF:77
LH:13
end_of_record
SF:lib/features/game/game_screen.dart
DA:18,1
DA:20,1
DA:21,1
DA:36,1
DA:38,1
DA:41,3
DA:42,3
DA:43,3
DA:45,1
DA:46,1
DA:49,1
DA:50,1
DA:51,0
DA:52,0
DA:56,0
DA:57,0
DA:58,0
DA:61,1
DA:62,2
DA:63,3
DA:64,1
DA:65,5
DA:67,7
DA:70,0
DA:71,0
DA:72,0
DA:73,0
DA:75,0
DA:76,0
DA:77,0
DA:78,0
DA:80,0
DA:85,0
DA:86,0
DA:87,0
DA:88,0
DA:90,0
DA:91,0
DA:92,0
DA:94,0
DA:95,0
DA:97,0
DA:98,0
DA:99,0
DA:100,0
DA:102,0
DA:105,0
DA:106,0
DA:107,0
DA:109,0
DA:114,0
DA:115,0
DA:116,0
DA:117,0
DA:119,0
DA:120,0
DA:121,0
DA:123,0
DA:124,0
DA:126,0
DA:127,0
DA:128,0
DA:129,0
DA:131,0
DA:134,0
DA:135,0
DA:136,0
DA:138,0
DA:143,0
DA:144,0
DA:146,0
DA:148,0
DA:149,0
DA:150,0
DA:151,0
DA:153,0
DA:154,0
DA:156,0
DA:162,0
DA:163,0
DA:164,0
DA:171,0
DA:172,0
DA:173,0
DA:174,0
DA:175,0
DA:181,0
DA:182,0
DA:185,0
DA:186,0
DA:187,0
DA:190,0
DA:192,0
DA:193,0
DA:194,0
DA:196,0
DA:197,0
DA:199,0
DA:202,0
DA:203,0
DA:204,0
DA:210,0
DA:211,0
DA:212,0
DA:215,0
DA:216,0
DA:219,1
DA:220,1
DA:221,1
DA:222,1
DA:226,1
DA:227,1
DA:228,1
DA:229,1
DA:230,1
DA:231,1
DA:232,1
DA:236,1
DA:238,1
DA:239,1
DA:240,3
DA:241,1
DA:242,1
DA:243,1
DA:244,0
DA:245,0
DA:246,0
DA:247,0
DA:250,1
DA:251,1
DA:255,1
DA:257,1
DA:258,1
DA:260,1
DA:261,2
DA:262,1
DA:265,2
DA:267,1
DA:268,0
DA:269,0
DA:271,1
LF:141
LH:47
end_of_record
SF:lib/features/game/widgets/game_dialogs.dart
DA:6,0
DA:7,0
DA:10,0
DA:11,0
DA:12,0
DA:13,0
DA:15,0
DA:16,0
DA:19,0
DA:20,0
DA:21,0
DA:30,0
DA:31,0
DA:33,0
DA:34,0
DA:35,0
DA:36,0
DA:39,0
DA:40,0
DA:41,0
DA:42,0
DA:45,0
DA:46,0
DA:47,0
DA:50,0
DA:51,0
DA:52,0
DA:53,0
DA:54,0
DA:55,0
DA:56,0
DA:57,0
DA:58,0
DA:65,0
DA:66,0
DA:67,0
DA:68,0
DA:76,0
DA:77,0
DA:79,0
DA:80,0
DA:81,0
DA:82,0
DA:85,0
DA:86,0
DA:88,0
DA:89,0
DA:91,0
DA:93,0
DA:94,0
DA:98,0
DA:99,0
DA:100,0
DA:101,0
DA:109,0
DA:110,0
DA:112,0
DA:113,0
DA:115,0
DA:117,0
DA:118,0
DA:119,0
DA:125,0
DA:128,0
DA:129,0
DA:130,0
DA:131,0
DA:133,0
DA:134,0
DA:138,0
DA:139,0
DA:146,0
DA:147,0
DA:148,0
DA:149,0
DA:150,0
DA:158,0
DA:159,0
DA:160,0
LF:79
LH:0
end_of_record
SF:lib/core/di/service_locator.dart
DA:8,3
DA:11,1
DA:13,4
DA:14,4
DA:15,2
DA:16,4
LF:6
LH:6
end_of_record
SF:lib/shared/widgets/grid_cell_widget.dart
DA:10,1
DA:18,1
DA:20,1
DA:21,2
DA:24,2
DA:26,2
DA:27,1
DA:31,1
DA:32,1
DA:33,3
DA:36,1
DA:37,2
DA:38,3
DA:41,1
DA:42,2
DA:45,1
DA:46,1
DA:47,1
DA:49,1
DA:50,1
DA:51,1
DA:52,3
DA:53,1
DA:58,5
DA:59,1
DA:60,1
DA:63,1
DA:65,1
DA:67,1
DA:69,1
DA:71,1
DA:72,1
DA:74,1
DA:76,3
DA:84,1
DA:86,3
LF:36
LH:36
end_of_record
SF:lib/core/config/admob_config.dart
DA:18,0
DA:19,0
DA:21,0
DA:28,0
DA:30,0
DA:33,0
DA:35,0
DA:40,0
DA:41,0
LF:9
LH:0
end_of_record
SF:lib/core/services/analytics_service.dart
DA:6,1
DA:7,3
DA:10,2
DA:12,1
DA:15,2
DA:16,0
DA:22,0
DA:23,0
DA:25,0
DA:26,0
DA:29,0
DA:30,0
DA:32,0
DA:35,0
DA:36,0
DA:38,0
DA:41,0
DA:42,0
DA:44,0
DA:47,0
DA:48,0
DA:50,0
DA:53,1
DA:54,1
DA:56,0
DA:63,0
DA:64,0
DA:66,0
DA:72,0
DA:73,0
DA:75,0
DA:81,0
DA:82,0
DA:84,0
DA:89,0
DA:90,0
DA:92,0
DA:95,0
DA:96,0
DA:98,0
DA:101,0
DA:102,0
DA:104,0
DA:108,0
DA:109,0
DA:111,0
DA:112,0
DA:113,0
DA:114,0
DA:117,0
DA:118,0
DA:120,0
DA:121,0
DA:122,0
DA:123,0
LF:55
LH:7
end_of_record
SF:lib/core/services/ad_service.dart
DA:10,1
DA:11,3
DA:14,2
DA:20,0
DA:23,0
DA:25,0
DA:26,0
DA:29,0
DA:31,0
DA:32,0
DA:33,0
DA:34,0
DA:35,0
DA:36,0
DA:37,0
DA:39,0
DA:40,0
DA:41,0
DA:42,0
DA:43,0
DA:45,0
DA:46,0
DA:47,0
DA:48,0
DA:55,0
DA:57,0
DA:58,0
DA:62,0
DA:64,0
DA:65,0
DA:68,0
DA:69,0
DA:70,0
DA:72,0
DA:73,0
DA:74,0
DA:75,0
DA:76,0
DA:77,0
DA:79,0
DA:80,0
DA:81,0
DA:82,0
DA:83,0
DA:84,0
DA:85,0
DA:88,0
LF:47
LH:3
end_of_record
SF:lib/core/services/consent_service.dart
DA:9,0
DA:10,0
DA:13,0
DA:18,0
DA:19,0
DA:22,0
DA:24,0
DA:25,0
DA:34,0
DA:35,0
DA:39,0
DA:42,0
DA:46,0
DA:49,0
DA:52,0
DA:53,0
DA:55,0
DA:56,0
DA:57,0
DA:58,0
DA:60,0
DA:62,0
DA:63,0
DA:64,0
DA:69,0
DA:74,0
DA:77,0
DA:78,0
DA:79,0
DA:83,0
DA:85,0
DA:87,0
DA:89,0
DA:94,0
DA:99,0
DA:102,0
DA:106,0
DA:109,0
DA:113,0
DA:118,0
DA:121,0
DA:122,0
DA:124,0
DA:128,0
DA:131,0
DA:135,0
DA:138,0
DA:144,0
DA:149,0
DA:150,0
DA:151,0
DA:154,0
DA:161,0
DA:162,0
DA:165,0
DA:166,0
DA:167,0
DA:168,0
DA:169,0
DA:176,0
DA:177,0
DA:180,0
DA:182,0
DA:184,0
DA:186,0
DA:188,0
DA:190,0
LF:67
LH:0
end_of_record
SF:lib/core/services/purchase_service.dart
DA:9,1
DA:10,3
DA:13,2
DA:24,0
DA:27,0
DA:30,0
DA:33,0
DA:36,0
DA:39,0
DA:40,0
DA:42,0
DA:43,0
DA:48,0
DA:51,0
DA:52,0
DA:53,0
DA:54,0
DA:58,0
DA:60,0
DA:64,0
DA:65,0
DA:66,0
DA:68,0
DA:69,0
DA:70,0
DA:74,0
DA:78,0
DA:79,0
DA:80,0
DA:81,0
DA:82,0
DA:84,0
DA:85,0
DA:86,0
DA:88,0
DA:89,0
DA:90,0
DA:92,0
DA:93,0
DA:98,0
DA:99,0
DA:105,0
DA:106,0
DA:109,0
DA:110,0
DA:111,0
DA:113,0
DA:114,0
DA:115,0
DA:116,0
DA:117,0
DA:121,0
DA:125,0
DA:126,0
DA:130,0
DA:131,0
DA:135,0
DA:136,0
DA:137,0
DA:138,0
DA:142,0
DA:143,0
DA:144,0
DA:148,0
DA:149,0
DA:153,0
DA:154,0
DA:158,0
DA:159,0
DA:160,0
DA:161,0
DA:165,0
DA:166,0
DA:167,0
DA:171,0
DA:172,0
DA:173,0
DA:174,0
DA:183,0
DA:187,0
DA:189,0
DA:190,0
DA:191,0
DA:192,0
DA:199,0
DA:200,0
DA:201,0
LF:87
LH:3
end_of_record
SF:lib/shared/models/cell_position.dart
DA:5,0
LF:1
LH:0
end_of_record
SF:lib/features/game/instructions_screen.dart
DA:5,1
DA:7,0
DA:9,0
DA:10,0
DA:11,0
DA:12,0
DA:14,0
DA:16,0
DA:18,0
DA:19,0
DA:21,0
DA:23,0
DA:25,0
DA:27,0
DA:29,0
DA:31,0
DA:35,0
DA:39,0
DA:41,0
DA:43,0
DA:45,0
DA:47,0
DA:49,0
DA:51,0
DA:62,0
DA:64,0
DA:66,0
DA:68,0
DA:69,0
DA:71,0
DA:78,0
DA:80,0
DA:81,0
DA:82,0
DA:84,0
DA:85,0
DA:86,0
DA:89,0
DA:92,0
DA:93,0
DA:94,0
DA:106,0
DA:115,1
DA:116,0
DA:118,0
DA:119,0
DA:122,0
DA:123,0
DA:124,0
DA:126,0
DA:127,0
DA:130,0
DA:133,0
DA:134,0
DA:136,0
DA:137,0
DA:139,0
DA:140,0
DA:154,0
DA:162,0
DA:164,0
DA:167,0
DA:168,0
DA:170,0
DA:172,0
DA:173,0
DA:174,0
DA:176,0
DA:186,1
DA:187,0
DA:190,0
DA:191,0
DA:192,0
DA:193,0
DA:194,0
DA:195,0
DA:196,0
DA:197,0
DA:198,0
DA:199,0
DA:200,0
DA:201,0
DA:202,0
DA:203,0
DA:204,0
DA:205,0
DA:206,0
DA:208,0
DA:217,0
DA:218,0
DA:219,0
DA:220,0
DA:227,0
DA:229,0
DA:230,0
DA:232,0
DA:233,0
DA:236,0
DA:239,0
DA:242,0
DA:253,0
DA:255,0
DA:257,0
DA:259,0
DA:260,0
DA:261,0
DA:262,0
DA:266,0
DA:270,0
DA:280,1
DA:282,0
DA:284,0
DA:287,0
DA:288,0
DA:289,0
DA:291,0
DA:293,0
DA:294,0
DA:295,0
DA:296,0
DA:299,0
DA:300,0
DA:303,0
DA:315,1
DA:316,0
DA:317,0
DA:318,0
LF:127
LH:5
end_of_record
SF:lib/features/game/widgets/game_level_info.dart
DA:4,1
DA:13,1
DA:15,1
DA:16,1
DA:17,1
DA:18,2
DA:21,1
DA:22,2
LF:8
LH:8
end_of_record
SF:lib/features/game/widgets/game_score_display.dart
DA:5,1
DA:14,1
DA:16,1
DA:17,7
LF:4
LH:4
end_of_record
SF:lib/features/game/widgets/game_grid.dart
DA:7,1
DA:22,1
DA:24,1
DA:26,1
DA:28,1
DA:29,2
DA:31,1
DA:32,3
DA:33,3
DA:35,4
DA:36,1
DA:37,0
DA:38,0
DA:39,0
DA:40,0
DA:43,0
DA:44,0
DA:46,0
DA:49,0
DA:51,0
DA:54,0
DA:55,0
DA:56,0
DA:58,0
DA:63,0
DA:65,1
DA:67,2
DA:71,5
LF:28
LH:14
end_of_record
SF:lib/features/game/widgets/game_app_bar_actions.dart
DA:5,1
DA:18,1
DA:20,1
DA:21,1
DA:22,1
DA:24,1
DA:25,2
DA:27,1
DA:29,1
DA:30,2
DA:32,1
DA:34,1
DA:37,1
DA:39,1
LF:14
LH:14
end_of_record
